<?xml version='1.0'?>
<ns2:test-suite xmlns:ns2='urn:model.allure.qatools.yandex.ru' start='1584798824399' stop='1584798851880'>
    <name>Добавление товаров в корзину</name>
    <title>Добавление товаров в корзину</title>
    <test-cases>
        <test-case start='1584798824399' status='passed' stop='1584798832550'>
            <name>"before all" hook</name>
            <title>"before all" hook</title>
            <labels>
                <label name='language' value='javascript'/>
                <label name='framework' value='wdio'/>
                <label name='thread' value='0-0'/>
            </labels>
            <parameters>
                <parameter kind='argument' name='browser' value='chrome'/>
            </parameters>
            <steps/>
            <attachments/>
        </test-case>
        <test-case start='1584798832550' status='passed' stop='1584798835512'>
            <name>Переход в раздел "Телефоны" состоялся</name>
            <title>Переход в раздел "Телефоны" состоялся</title>
            <labels>
                <label name='language' value='javascript'/>
                <label name='framework' value='wdio'/>
                <label name='thread' value='0-0'/>
            </labels>
            <parameters>
                <parameter kind='argument' name='browser' value='chrome'/>
            </parameters>
            <steps>
                <step start='1584798832551' status='passed' stop='1584798832552'>
                    <name>Нажать на ссылку "Телефоны"</name>
                    <title>Нажать на ссылку "Телефоны"</title>
                    <attachments/>
                    <steps/>
                </step>
                <step start='1584798834694' status='passed' stop='1584798834694'>
                    <name>Проверить, что URL изменился на верный</name>
                    <title>Проверить, что URL изменился на верный</title>
                    <attachments/>
                    <steps/>
                </step>
            </steps>
            <attachments/>
        </test-case>
        <test-case start='1584798835513' status='passed' stop='1584798839712'>
            <name>Фильтрация по производителю – Nokia: отображаются только смартфоны Nokia</name>
            <title>Фильтрация по производителю – Nokia: отображаются только смартфоны Nokia</title>
            <labels>
                <label name='language' value='javascript'/>
                <label name='framework' value='wdio'/>
                <label name='thread' value='0-0'/>
            </labels>
            <parameters>
                <parameter kind='argument' name='browser' value='chrome'/>
            </parameters>
            <steps>
                <step start='1584798835513' status='passed' stop='1584798835513'>
                    <name>Нажать на "Показать все" в блоке производителей</name>
                    <title>Нажать на "Показать все" в блоке производителей</title>
                    <attachments/>
                    <steps/>
                </step>
                <step start='1584798835920' status='passed' stop='1584798835920'>
                    <name>Выбрать Nokia в фильтре</name>
                    <title>Выбрать Nokia в фильтре</title>
                    <attachments/>
                    <steps/>
                </step>
                <step start='1584798838957' status='passed' stop='1584798838957'>
                    <name>Проверить, что все смартфоны из списка – Nokia</name>
                    <title>Проверить, что все смартфоны из списка – Nokia</title>
                    <attachments/>
                    <steps/>
                </step>
            </steps>
            <attachments/>
        </test-case>
        <test-case start='1584798839712' status='broken' stop='1584798851219'>
            <name>Клик на кнопку "Купить" из середины списка приводит к переходу в корзину</name>
            <title>Клик на кнопку "Купить" из середины списка приводит к переходу в корзину</title>
            <labels>
                <label name='language' value='javascript'/>
                <label name='framework' value='wdio'/>
                <label name='thread' value='0-0'/>
            </labels>
            <parameters>
                <parameter kind='argument' name='browser' value='chrome'/>
            </parameters>
            <steps>
                <step start='1584798839712' status='passed' stop='1584798839712'>
                    <name>Нажать на кнопку "Купить" смартфона из середины списка</name>
                    <title>Нажать на кнопку "Купить" смартфона из середины списка</title>
                    <attachments/>
                    <steps/>
                </step>
            </steps>
            <attachments>
                <attachment title='Screenshot' source='5af41715-3f72-4de2-bed1-0697c0320750-attachment.png' type='image/png' size='470847'/>
            </attachments>
            <failure>
                <message>element ("//div[contains(@class,'shop-order-summary-liner')]//button[text()='Оформить заказ']") still not existing after 10000ms</message>
                <stack-trace>Error: element ("//div[contains(@class,'shop-order-summary-liner')]//button[text()='Оформить заказ']") still not existing after 10000ms
                    at C:\Users\lutak\Desktop\beeintern\lect\5\hw\node_modules\webdriverio\build\commands\browser\waitUntil.js:30:15
                    at Element.elementErrorHandlerCallbackFn (C:\Users\lutak\Desktop\beeintern\lect\5\hw\node_modules\webdriverio\build\middlewares.js:21:24)
                    at Element.runCommandWithHooks (C:\Users\lutak\Desktop\beeintern\lect\5\hw\node_modules\@wdio\sync\build\wrapCommand.js:88:21)
                    at Element.runCommandWithHooks (C:\Users\lutak\Desktop\beeintern\lect\5\hw\node_modules\@wdio\sync\build\wrapCommand.js:82:22)
                    at Element.wrapCommandFn (C:\Users\lutak\Desktop\beeintern\lect\5\hw\node_modules\@wdio\sync\build\wrapCommand.js:59:40)
                    at Element.elementErrorHandlerCallback (C:\Users\lutak\Desktop\beeintern\lect\5\hw\node_modules\webdriverio\build\middlewares.js:40:8)
                    at Element.waitForExist (C:\Users\lutak\Desktop\beeintern\lect\5\hw\node_modules\webdriverio\build\commands\element\waitForExist.js:15:15)
                    at Element.wrapCommandFn (C:\Users\lutak\Desktop\beeintern\lect\5\hw\node_modules\@wdio\sync\build\wrapCommand.js:54:17)
                    at Element.elementErrorHandlerCallbackFn (C:\Users\lutak\Desktop\beeintern\lect\5\hw\node_modules\webdriverio\build\middlewares.js:21:57)
                    at processTicksAndRejections (internal/process/task_queues.js:97:5)
                    at Element.waitForEnabled (C:\Users\lutak\Desktop\beeintern\lect\5\hw\node_modules\webdriverio\build\commands\element\waitForEnabled.js:10:16)
                    at Element.waitForEnabled (C:\Users\lutak\Desktop\beeintern\lect\5\hw\node_modules\webdriverio\build\middlewares.js:40:8)
                    at PhonesPage.buySmartphone (C:\Users\lutak\Desktop\beeintern\lect\5\hw\pages\/phones.page.js:40:31)
                    at Context.&lt;anonymous> (C:\Users\lutak\Desktop\beeintern\lect\5\hw\test\/addToCart2.js:46:31)
                    at Context.executeSync (C:\Users\lutak\Desktop\beeintern\lect\5\hw\node_modules\@wdio\sync\build\index.js:56:18)
                    at C:\Users\lutak\Desktop\beeintern\lect\5\hw\node_modules\@wdio\sync\build\index.js:82:70</stack-trace>
            </failure>
        </test-case>
        <test-case start='1584798851219' status='broken' stop='1584798851878'>
            <name>В корзине находится только один товар, название совпадает с названием из каталога</name>
            <title>В корзине находится только один товар, название совпадает с названием из каталога</title>
            <labels>
                <label name='language' value='javascript'/>
                <label name='framework' value='wdio'/>
                <label name='thread' value='0-0'/>
            </labels>
            <parameters>
                <parameter kind='argument' name='browser' value='chrome'/>
            </parameters>
            <steps>
                <step start='1584798851220' status='passed' stop='1584798851220'>
                    <name>Проверить, что в списке только один товар, и именно тот товар, который добавляли</name>
                    <title>Проверить, что в списке только один товар, и именно тот товар, который добавляли</title>
                    <attachments/>
                    <steps/>
                </step>
            </steps>
            <attachments>
                <attachment title='Screenshot' source='7a742f60-ba11-4989-a0d6-39e2449cbb7b-attachment.png' type='image/png' size='470847'/>
            </attachments>
            <failure>
                <message>Cannot read property 'orderProducts' of undefined</message>
                <stack-trace>TypeError: Cannot read property 'orderProducts' of undefined
                    at Context.&lt;anonymous> (C:\Users\lutak\Desktop\beeintern\lect\5\hw\test\/addToCart2.js:54:35)
                    at Context.executeSync (C:\Users\lutak\Desktop\beeintern\lect\5\hw\node_modules\@wdio\sync\build\index.js:56:18)
                    at C:\Users\lutak\Desktop\beeintern\lect\5\hw\node_modules\@wdio\sync\build\index.js:82:70</stack-trace>
            </failure>
        </test-case>
    </test-cases>
</ns2:test-suite>