<?xml version='1.0'?>
<ns2:test-suite xmlns:ns2='urn:model.allure.qatools.yandex.ru' start='1597416863880' stop='1597416885381'>
    <name>HW5_Task3_Dmitrieva УДАЛЕНИЕ ТОВАРА ИЗ КОРЗИНЫ И ЕГО ВОССТАНОВЛЕНИЕ</name>
    <title>HW5_Task3_Dmitrieva УДАЛЕНИЕ ТОВАРА ИЗ КОРЗИНЫ И ЕГО ВОССТАНОВЛЕНИЕ</title>
    <test-cases>
        <test-case start='1597416863881' status='passed' stop='1597416867999'>
            <name>"before all" hook</name>
            <title>"before all" hook</title>
            <labels>
                <label name='language' value='javascript'/>
                <label name='framework' value='wdio'/>
                <label name='thread' value='0-0'/>
            </labels>
            <parameters>
                <parameter kind='argument' name='browser' value='chrome'/>
                <parameter kind='environment-variable' name='browserName: ' value='Chrome'/>
                <parameter kind='environment-variable' name='browserVersion: ' value='80.0.3987.132'/>
                <parameter kind='environment-variable' name='OS: ' value='Win10 Pro x64'/>
            </parameters>
            <steps/>
            <attachments/>
        </test-case>
        <test-case start='1597416867999' status='passed' stop='1597416869854'>
            <name>Переход в раздел "Телефоны" состоялся</name>
            <title>Переход в раздел "Телефоны" состоялся</title>
            <labels>
                <label name='language' value='javascript'/>
                <label name='framework' value='wdio'/>
                <label name='thread' value='0-0'/>
            </labels>
            <parameters>
                <parameter kind='argument' name='browser' value='chrome'/>
            </parameters>
            <steps>
                <step start='1597416868000' status='passed' stop='1597416868001'>
                    <name>Нажать на ссылку "Телефоны"</name>
                    <title>Нажать на ссылку "Телефоны"</title>
                    <attachments/>
                    <steps/>
                </step>
                <step start='1597416869842' status='passed' stop='1597416869842'>
                    <name>Проверить, что URL изменился на верный</name>
                    <title>Проверить, что URL изменился на верный</title>
                    <attachments/>
                    <steps/>
                </step>
            </steps>
            <attachments/>
        </test-case>
        <test-case start='1597416869854' status='passed' stop='1597416874324'>
            <name>Клик на кнопку "Купить" из середины списка приводит к переходу в корзину</name>
            <title>Клик на кнопку "Купить" из середины списка приводит к переходу в корзину</title>
            <labels>
                <label name='language' value='javascript'/>
                <label name='framework' value='wdio'/>
                <label name='thread' value='0-0'/>
            </labels>
            <parameters>
                <parameter kind='argument' name='browser' value='chrome'/>
            </parameters>
            <steps>
                <step start='1597416871493' status='passed' stop='1597416871493'>
                    <name>Нажать на кнопку "Купить" смартфона из середины списка</name>
                    <title>Нажать на кнопку "Купить" смартфона из середины списка</title>
                    <attachments/>
                    <steps/>
                </step>
                <step start='1597416874240' status='passed' stop='1597416874240'>
                    <name>Проверить, что URL изменился на URL страницы корзины</name>
                    <title>Проверить, что URL изменился на URL страницы корзины</title>
                    <attachments/>
                    <steps/>
                </step>
            </steps>
            <attachments/>
        </test-case>
        <test-case start='1597416874324' status='broken' stop='1597416874953'>
            <name>Нажатие на крестик удаляет из корзины</name>
            <title>Нажатие на крестик удаляет из корзины</title>
            <labels>
                <label name='language' value='javascript'/>
                <label name='framework' value='wdio'/>
                <label name='thread' value='0-0'/>
            </labels>
            <parameters>
                <parameter kind='argument' name='browser' value='chrome'/>
            </parameters>
            <steps>
                <step start='1597416874324' status='passed' stop='1597416874324'>
                    <name>Нажать на крестик в корзине</name>
                    <title>Нажать на крестик в корзине</title>
                    <attachments/>
                    <steps/>
                </step>
            </steps>
            <attachments>
                <attachment title='Screenshot' source='5a9733a5-bad1-41cd-af9e-877af29a2639-attachment.png' type='image/png' size='151506'/>
            </attachments>
            <failure>
                <message>element not interactable: element has zero size
                  (Session info: chrome=84.0.4147.125)</message>
                <stack-trace>element not interactable: element has zero size
                  (Session info: chrome=84.0.4147.125)
                    at getErrorFromResponseBody (C:\Users\lutak\Desktop\beeintern\lect\5\hw\node_modules\webdriver\build\utils.js:124:10)
                    at Request._callback (C:\Users\lutak\Desktop\beeintern\lect\5\hw\node_modules\webdriver\build\request.js:121:64)
                    at Request.self.callback (C:\Users\lutak\Desktop\beeintern\lect\5\hw\node_modules\request\request.js:185:22)
                    at Request.&lt;anonymous> (C:\Users\lutak\Desktop\beeintern\lect\5\hw\node_modules\request\request.js:1154:10)
                    at IncomingMessage.&lt;anonymous> (C:\Users\lutak\Desktop\beeintern\lect\5\hw\node_modules\request\request.js:1076:12)
                    at Element.runCommandWithHooks (C:\Users\lutak\Desktop\beeintern\lect\5\hw\node_modules\@wdio\sync\build\wrapCommand.js:82:22)
                    at Element.wrapCommandFn (C:\Users\lutak\Desktop\beeintern\lect\5\hw\node_modules\@wdio\sync\build\wrapCommand.js:59:40)
                    at Element.click (C:\Users\lutak\Desktop\beeintern\lect\5\hw\node_modules\webdriverio\build\middlewares.js:40:8)
                    at CartPage.deleteFromCart (C:\Users\lutak\Desktop\beeintern\lect\5\hw\pages\/cart.page.js:15:34)
                    at Context.&lt;anonymous> (C:\Users\lutak\Desktop\beeintern\lect\5\hw\tests\/hw5_dmitrieva.js:134:18)
                    at Context.executeSync (C:\Users\lutak\Desktop\beeintern\lect\5\hw\node_modules\@wdio\sync\build\index.js:56:18)
                    at C:\Users\lutak\Desktop\beeintern\lect\5\hw\node_modules\@wdio\sync\build\index.js:82:70</stack-trace>
            </failure>
        </test-case>
        <test-case start='1597416874953' status='broken' stop='1597416885379'>
            <name>Нажатие на "Восстановить" возвращает товар</name>
            <title>Нажатие на "Восстановить" возвращает товар</title>
            <labels>
                <label name='language' value='javascript'/>
                <label name='framework' value='wdio'/>
                <label name='thread' value='0-0'/>
            </labels>
            <parameters>
                <parameter kind='argument' name='browser' value='chrome'/>
            </parameters>
            <steps>
                <step start='1597416874954' status='passed' stop='1597416874954'>
                    <name>Нажать на "Восстановить" в корзине</name>
                    <title>Нажать на "Восстановить" в корзине</title>
                    <attachments/>
                    <steps/>
                </step>
            </steps>
            <attachments>
                <attachment title='Screenshot' source='fc8dd022-eb5e-41ce-ac00-ec6800a22c54-attachment.png' type='image/png' size='151506'/>
            </attachments>
            <failure>
                <message>Can't call click on element with selector "//span[contains(@data-ng-click,'restoreItem')]" because element wasn't found</message>
                <stack-trace>Error: Can't call click on element with selector "//span[contains(@data-ng-click,'restoreItem')]" because element wasn't found
                    at implicitWait (C:\Users\lutak\Desktop\beeintern\lect\5\hw\node_modules\webdriverio\build\utils\implicitWait.js:22:13)
                    at Element.runCommandWithHooks (C:\Users\lutak\Desktop\beeintern\lect\5\hw\node_modules\@wdio\sync\build\wrapCommand.js:82:22)
                    at Element.wrapCommandFn (C:\Users\lutak\Desktop\beeintern\lect\5\hw\node_modules\@wdio\sync\build\wrapCommand.js:59:40)
                    at Element.click (C:\Users\lutak\Desktop\beeintern\lect\5\hw\node_modules\webdriverio\build\middlewares.js:40:8)
                    at CartPage.restoreToCart (C:\Users\lutak\Desktop\beeintern\lect\5\hw\pages\/cart.page.js:19:35)
                    at Context.&lt;anonymous> (C:\Users\lutak\Desktop\beeintern\lect\5\hw\tests\/hw5_dmitrieva.js:141:18)
                    at Context.executeSync (C:\Users\lutak\Desktop\beeintern\lect\5\hw\node_modules\@wdio\sync\build\index.js:56:18)
                    at C:\Users\lutak\Desktop\beeintern\lect\5\hw\node_modules\@wdio\sync\build\index.js:82:70</stack-trace>
            </failure>
        </test-case>
    </test-cases>
</ns2:test-suite>