<?xml version='1.0'?>
<ns2:test-suite xmlns:ns2='urn:model.allure.qatools.yandex.ru' start='1584822511995' stop='1584822528025'>
    <name>Test Beeline Shop</name>
    <title>Test Beeline Shop</title>
    <test-cases>
        <test-case start='1584822511995' status='passed' stop='1584822516621'>
            <name>"before all" hook</name>
            <title>"before all" hook</title>
            <labels>
                <label name='language' value='javascript'/>
                <label name='framework' value='wdio'/>
                <label name='thread' value='0-0'/>
            </labels>
            <parameters>
                <parameter kind='argument' name='browser' value='chrome'/>
                <parameter kind='environment-variable' name='browserName: ' value='Chrome'/>
                <parameter kind='environment-variable' name='browserVersion: ' value='80.0.3987.132'/>
                <parameter kind='environment-variable' name='OS: ' value='Win10 Pro x64'/>
            </parameters>
            <steps/>
            <attachments/>
        </test-case>
        <test-case start='1584822516621' status='broken' stop='1584822527175'>
            <name>Переход в раздел "Телефоны" состоялся</name>
            <title>Переход в раздел "Телефоны" состоялся</title>
            <labels>
                <label name='language' value='javascript'/>
                <label name='framework' value='wdio'/>
                <label name='thread' value='0-0'/>
            </labels>
            <parameters>
                <parameter kind='argument' name='browser' value='chrome'/>
            </parameters>
            <steps>
                <step start='1584822516623' status='passed' stop='1584822516623'>
                    <name>Нажать на ссылку "Телефоны"</name>
                    <title>Нажать на ссылку "Телефоны"</title>
                    <attachments/>
                    <steps/>
                </step>
            </steps>
            <attachments>
                <attachment title='Screenshot' source='e58c0af7-d2a8-4f38-8900-8d571606ceaf-attachment.png' type='image/png' size='30031'/>
            </attachments>
            <failure>
                <message>Can't call click on element with selector "//a[@href='/shop/catalog/telefony/']" because element wasn't found</message>
                <stack-trace>Error: Can't call click on element with selector "//a[@href='/shop/catalog/telefony/']" because element wasn't found
                    at implicitWait (C:\Users\lutak\Desktop\beeintern\lect\5\hw\node_modules\webdriverio\build\utils\implicitWait.js:22:13)
                    at Element.runCommandWithHooks (C:\Users\lutak\Desktop\beeintern\lect\5\hw\node_modules\@wdio\sync\build\wrapCommand.js:82:22)
                    at Element.wrapCommandFn (C:\Users\lutak\Desktop\beeintern\lect\5\hw\node_modules\@wdio\sync\build\wrapCommand.js:59:40)
                    at Element.click (C:\Users\lutak\Desktop\beeintern\lect\5\hw\node_modules\webdriverio\build\middlewares.js:40:8)
                    at MainPage.toPhones (C:\Users\lutak\Desktop\beeintern\lect\5\hw\pages\/main.page.js:13:25)
                    at Context.&lt;anonymous> (C:\Users\lutak\Desktop\beeintern\lect\5\hw\tests\/hw5_dmitrieva.js:32:31)
                    at Context.executeSync (C:\Users\lutak\Desktop\beeintern\lect\5\hw\node_modules\@wdio\sync\build\index.js:56:18)
                    at C:\Users\lutak\Desktop\beeintern\lect\5\hw\node_modules\@wdio\sync\build\index.js:82:70</stack-trace>
            </failure>
        </test-case>
        <test-case start='1584822527175' status='broken' stop='1584822527585'>
            <name>Применен фильтр по ценам</name>
            <title>Применен фильтр по ценам</title>
            <labels>
                <label name='language' value='javascript'/>
                <label name='framework' value='wdio'/>
                <label name='thread' value='0-0'/>
            </labels>
            <parameters>
                <parameter kind='argument' name='browser' value='chrome'/>
            </parameters>
            <steps>
                <step start='1584822527175' status='passed' stop='1584822527175'>
                    <name>Получить плейсхолдер цены "до"</name>
                    <title>Получить плейсхолдер цены "до"</title>
                    <attachments/>
                    <steps/>
                </step>
            </steps>
            <attachments>
                <attachment title='Screenshot' source='3f95b709-3e3d-41e1-afb3-d49c1b3c601c-attachment.png' type='image/png' size='30031'/>
            </attachments>
            <failure>
                <message>Cannot read property 'getPriceUntilPH' of undefined</message>
                <stack-trace>TypeError: Cannot read property 'getPriceUntilPH' of undefined
                    at Context.&lt;anonymous> (C:\Users\lutak\Desktop\beeintern\lect\5\hw\tests\/hw5_dmitrieva.js:40:30)
                    at Context.executeSync (C:\Users\lutak\Desktop\beeintern\lect\5\hw\node_modules\@wdio\sync\build\index.js:56:18)
                    at C:\Users\lutak\Desktop\beeintern\lect\5\hw\node_modules\@wdio\sync\build\index.js:82:70</stack-trace>
            </failure>
        </test-case>
        <test-case start='1584822527585' status='broken' stop='1584822528024'>
            <name>Фильтр по ценам работает корректно</name>
            <title>Фильтр по ценам работает корректно</title>
            <labels>
                <label name='language' value='javascript'/>
                <label name='framework' value='wdio'/>
                <label name='thread' value='0-0'/>
            </labels>
            <parameters>
                <parameter kind='argument' name='browser' value='chrome'/>
            </parameters>
            <steps>
                <step start='1584822527586' status='passed' stop='1584822527586'>
                    <name>Получить цены отображенных товаров</name>
                    <title>Получить цены отображенных товаров</title>
                    <attachments/>
                    <steps/>
                </step>
            </steps>
            <attachments>
                <attachment title='Screenshot' source='d8a4c32d-9614-429b-843a-bef0d8ad3dc4-attachment.png' type='image/png' size='30031'/>
            </attachments>
            <failure>
                <message>Cannot read property 'getPrices' of undefined</message>
                <stack-trace>TypeError: Cannot read property 'getPrices' of undefined
                    at Context.&lt;anonymous> (C:\Users\lutak\Desktop\beeintern\lect\5\hw\tests\/hw5_dmitrieva.js:51:39)
                    at Context.executeSync (C:\Users\lutak\Desktop\beeintern\lect\5\hw\node_modules\@wdio\sync\build\index.js:56:18)
                    at C:\Users\lutak\Desktop\beeintern\lect\5\hw\node_modules\@wdio\sync\build\index.js:82:70</stack-trace>
            </failure>
        </test-case>
    </test-cases>
</ns2:test-suite>