<?xml version='1.0'?>
<ns2:test-suite xmlns:ns2='urn:model.allure.qatools.yandex.ru' start='1584880362583' stop='1584880386427'>
    <name>HW5_Task3_Dmitrieva УДАЛЕНИЕ ТОВАРА ИЗ КОРЗИНЫ И ЕГО ВОССТАНОВЛЕНИЕ</name>
    <title>HW5_Task3_Dmitrieva УДАЛЕНИЕ ТОВАРА ИЗ КОРЗИНЫ И ЕГО ВОССТАНОВЛЕНИЕ</title>
    <test-cases>
        <test-case start='1584880362583' status='passed' stop='1584880368655'>
            <name>"before all" hook</name>
            <title>"before all" hook</title>
            <labels>
                <label name='language' value='javascript'/>
                <label name='framework' value='wdio'/>
                <label name='thread' value='0-0'/>
            </labels>
            <parameters>
                <parameter kind='argument' name='browser' value='chrome'/>
                <parameter kind='environment-variable' name='browserName: ' value='Chrome'/>
                <parameter kind='environment-variable' name='browserVersion: ' value='80.0.3987.132'/>
                <parameter kind='environment-variable' name='OS: ' value='Win10 Pro x64'/>
            </parameters>
            <steps/>
            <attachments/>
        </test-case>
        <test-case start='1584880368656' status='passed' stop='1584880370670'>
            <name>Переход в раздел "Телефоны" состоялся</name>
            <title>Переход в раздел "Телефоны" состоялся</title>
            <labels>
                <label name='language' value='javascript'/>
                <label name='framework' value='wdio'/>
                <label name='thread' value='0-0'/>
            </labels>
            <parameters>
                <parameter kind='argument' name='browser' value='chrome'/>
            </parameters>
            <steps>
                <step start='1584880368659' status='passed' stop='1584880368659'>
                    <name>Нажать на ссылку "Телефоны"</name>
                    <title>Нажать на ссылку "Телефоны"</title>
                    <attachments/>
                    <steps/>
                </step>
                <step start='1584880370606' status='passed' stop='1584880370606'>
                    <name>Проверить, что URL изменился на верный</name>
                    <title>Проверить, что URL изменился на верный</title>
                    <attachments/>
                    <steps/>
                </step>
            </steps>
            <attachments/>
        </test-case>
        <test-case start='1584880370670' status='failed' stop='1584880375555'>
            <name>Клик на кнопку "Купить" из середины списка приводит к переходу в корзину</name>
            <title>Клик на кнопку "Купить" из середины списка приводит к переходу в корзину</title>
            <labels>
                <label name='language' value='javascript'/>
                <label name='framework' value='wdio'/>
                <label name='thread' value='0-0'/>
            </labels>
            <parameters>
                <parameter kind='argument' name='browser' value='chrome'/>
            </parameters>
            <steps>
                <step start='1584880372071' status='passed' stop='1584880372072'>
                    <name>Нажать на кнопку "Купить" смартфона из середины списка</name>
                    <title>Нажать на кнопку "Купить" смартфона из середины списка</title>
                    <attachments/>
                    <steps/>
                </step>
                <step start='1584880373648' status='passed' stop='1584880373648'>
                    <name>Проверить, что URL изменился на URL страницы корзины</name>
                    <title>Проверить, что URL изменился на URL страницы корзины</title>
                    <attachments/>
                    <steps/>
                </step>
            </steps>
            <attachments>
                <attachment title='Screenshot' source='a386f972-6ea8-44b6-822c-f58c70b91e34-attachment.png' type='image/png' size='120942'/>
            </attachments>
            <failure>
                <message>Expected values to be loosely deep-equal:
                
                'https://moskva.beeline.ru/shop/basket/'
                
                should loosely deep-equal
                
                'https://moskva.beeline.ru/shop/basket/#?step=orderList'</message>
                <stack-trace>AssertionError [ERR_ASSERTION]: Expected values to be loosely deep-equal:
                
                'https://moskva.beeline.ru/shop/basket/'
                
                should loosely deep-equal
                
                'https://moskva.beeline.ru/shop/basket/#?step=orderList'
                    at Context.&lt;anonymous> (C:\Users\lutak\Desktop\beeintern\lect\5\hw\tests\/hw5_dmitrieva.js:129:16)
                    at Context.executeSync (C:\Users\lutak\Desktop\beeintern\lect\5\hw\node_modules\@wdio\sync\build\index.js:56:18)
                    at C:\Users\lutak\Desktop\beeintern\lect\5\hw\node_modules\@wdio\sync\build\index.js:82:70</stack-trace>
            </failure>
        </test-case>
        <test-case start='1584880375555' status='broken' stop='1584880386425'>
            <name>Нажатие на крестик удаляет из корзины</name>
            <title>Нажатие на крестик удаляет из корзины</title>
            <labels>
                <label name='language' value='javascript'/>
                <label name='framework' value='wdio'/>
                <label name='thread' value='0-0'/>
            </labels>
            <parameters>
                <parameter kind='argument' name='browser' value='chrome'/>
            </parameters>
            <steps/>
            <attachments>
                <attachment title='Screenshot' source='e8eff570-ed0d-4ab3-a3fb-6553d3965835-attachment.png' type='image/png' size='101797'/>
            </attachments>
            <failure>
                <message>Can't call getText on element with selector "//ts[contains(@class,'td__count')]//span" because element wasn't found</message>
                <stack-trace>Error: Can't call getText on element with selector "//ts[contains(@class,'td__count')]//span" because element wasn't found
                    at implicitWait (C:\Users\lutak\Desktop\beeintern\lect\5\hw\node_modules\webdriverio\build\utils\implicitWait.js:22:13)
                    at Element.runCommandWithHooks (C:\Users\lutak\Desktop\beeintern\lect\5\hw\node_modules\@wdio\sync\build\wrapCommand.js:82:22)
                    at Element.wrapCommandFn (C:\Users\lutak\Desktop\beeintern\lect\5\hw\node_modules\@wdio\sync\build\wrapCommand.js:59:40)
                    at Element.getText (C:\Users\lutak\Desktop\beeintern\lect\5\hw\node_modules\webdriverio\build\middlewares.js:40:8)
                    at Context.&lt;anonymous> (C:\Users\lutak\Desktop\beeintern\lect\5\hw\tests\/hw5_dmitrieva.js:138:62)
                    at Context.executeSync (C:\Users\lutak\Desktop\beeintern\lect\5\hw\node_modules\@wdio\sync\build\index.js:56:18)
                    at C:\Users\lutak\Desktop\beeintern\lect\5\hw\node_modules\@wdio\sync\build\index.js:82:70</stack-trace>
            </failure>
        </test-case>
    </test-cases>
</ns2:test-suite>