<?xml version='1.0'?>
<ns2:test-suite xmlns:ns2='urn:model.allure.qatools.yandex.ru' start='1597415734659' stop='1597415751172'>
    <name>HW5_Task3_Dmitrieva УДАЛЕНИЕ ТОВАРА ИЗ КОРЗИНЫ И ЕГО ВОССТАНОВЛЕНИЕ</name>
    <title>HW5_Task3_Dmitrieva УДАЛЕНИЕ ТОВАРА ИЗ КОРЗИНЫ И ЕГО ВОССТАНОВЛЕНИЕ</title>
    <test-cases>
        <test-case start='1597415734659' status='passed' stop='1597415735633'>
            <name>"before all" hook</name>
            <title>"before all" hook</title>
            <labels>
                <label name='language' value='javascript'/>
                <label name='framework' value='wdio'/>
                <label name='thread' value='0-0'/>
            </labels>
            <parameters>
                <parameter kind='argument' name='browser' value='chrome'/>
                <parameter kind='environment-variable' name='browserName: ' value='Chrome'/>
                <parameter kind='environment-variable' name='browserVersion: ' value='80.0.3987.132'/>
                <parameter kind='environment-variable' name='OS: ' value='Win10 Pro x64'/>
            </parameters>
            <steps/>
            <attachments/>
        </test-case>
        <test-case start='1597415735634' status='passed' stop='1597415737244'>
            <name>Переход в раздел "Телефоны" состоялся</name>
            <title>Переход в раздел "Телефоны" состоялся</title>
            <labels>
                <label name='language' value='javascript'/>
                <label name='framework' value='wdio'/>
                <label name='thread' value='0-0'/>
            </labels>
            <parameters>
                <parameter kind='argument' name='browser' value='chrome'/>
            </parameters>
            <steps>
                <step start='1597415735635' status='passed' stop='1597415735635'>
                    <name>Нажать на ссылку "Телефоны"</name>
                    <title>Нажать на ссылку "Телефоны"</title>
                    <attachments/>
                    <steps/>
                </step>
                <step start='1597415736502' status='passed' stop='1597415736503'>
                    <name>Проверить, что URL изменился на верный</name>
                    <title>Проверить, что URL изменился на верный</title>
                    <attachments/>
                    <steps/>
                </step>
            </steps>
            <attachments/>
        </test-case>
        <test-case start='1597415737244' status='broken' stop='1597415750264'>
            <name>Клик на кнопку "Купить" из середины списка приводит к переходу в корзину</name>
            <title>Клик на кнопку "Купить" из середины списка приводит к переходу в корзину</title>
            <labels>
                <label name='language' value='javascript'/>
                <label name='framework' value='wdio'/>
                <label name='thread' value='0-0'/>
            </labels>
            <parameters>
                <parameter kind='argument' name='browser' value='chrome'/>
            </parameters>
            <steps>
                <step start='1597415738416' status='passed' stop='1597415738416'>
                    <name>Нажать на кнопку "Купить" смартфона из середины списка</name>
                    <title>Нажать на кнопку "Купить" смартфона из середины списка</title>
                    <attachments/>
                    <steps/>
                </step>
            </steps>
            <attachments>
                <attachment title='Screenshot' source='01e804fc-5311-4344-82f5-2ace3dfd7d2a-attachment.png' type='image/png' size='151395'/>
            </attachments>
            <failure>
                <message>element ("//div[contains(@class,'shop-order-summary-liner')]//button[text()='Оформить заказ']") still not existing after 10000ms</message>
                <stack-trace>Error: element ("//div[contains(@class,'shop-order-summary-liner')]//button[text()='Оформить заказ']") still not existing after 10000ms
                    at C:\Users\lutak\Desktop\beeintern\lect\5\hw\node_modules\webdriverio\build\commands\browser\waitUntil.js:30:15
                    at Element.elementErrorHandlerCallbackFn (C:\Users\lutak\Desktop\beeintern\lect\5\hw\node_modules\webdriverio\build\middlewares.js:21:24)
                    at Element.runCommandWithHooks (C:\Users\lutak\Desktop\beeintern\lect\5\hw\node_modules\@wdio\sync\build\wrapCommand.js:88:21)
                    at Element.runCommandWithHooks (C:\Users\lutak\Desktop\beeintern\lect\5\hw\node_modules\@wdio\sync\build\wrapCommand.js:82:22)
                    at Element.wrapCommandFn (C:\Users\lutak\Desktop\beeintern\lect\5\hw\node_modules\@wdio\sync\build\wrapCommand.js:59:40)
                    at Element.elementErrorHandlerCallback (C:\Users\lutak\Desktop\beeintern\lect\5\hw\node_modules\webdriverio\build\middlewares.js:40:8)
                    at Element.waitForExist (C:\Users\lutak\Desktop\beeintern\lect\5\hw\node_modules\webdriverio\build\commands\element\waitForExist.js:15:15)
                    at Element.wrapCommandFn (C:\Users\lutak\Desktop\beeintern\lect\5\hw\node_modules\@wdio\sync\build\wrapCommand.js:54:17)
                    at Element.elementErrorHandlerCallbackFn (C:\Users\lutak\Desktop\beeintern\lect\5\hw\node_modules\webdriverio\build\middlewares.js:21:57)
                    at processTicksAndRejections (internal/process/task_queues.js:97:5)
                    at Element.waitForEnabled (C:\Users\lutak\Desktop\beeintern\lect\5\hw\node_modules\webdriverio\build\commands\element\waitForEnabled.js:10:16)
                    at Element.waitForEnabled (C:\Users\lutak\Desktop\beeintern\lect\5\hw\node_modules\webdriverio\build\middlewares.js:40:8)
                    at PhonesPage.buySmartphone (C:\Users\lutak\Desktop\beeintern\lect\5\hw\pages\/phones.page.js:45:31)
                    at Context.&lt;anonymous> (C:\Users\lutak\Desktop\beeintern\lect\5\hw\tests\/hw5_dmitrieva.js:126:31)
                    at Context.executeSync (C:\Users\lutak\Desktop\beeintern\lect\5\hw\node_modules\@wdio\sync\build\index.js:56:18)
                    at C:\Users\lutak\Desktop\beeintern\lect\5\hw\node_modules\@wdio\sync\build\index.js:82:70</stack-trace>
            </failure>
        </test-case>
        <test-case start='1597415750265' status='broken' stop='1597415750728'>
            <name>Нажатие на крестик удаляет из корзины</name>
            <title>Нажатие на крестик удаляет из корзины</title>
            <labels>
                <label name='language' value='javascript'/>
                <label name='framework' value='wdio'/>
                <label name='thread' value='0-0'/>
            </labels>
            <parameters>
                <parameter kind='argument' name='browser' value='chrome'/>
            </parameters>
            <steps>
                <step start='1597415750265' status='passed' stop='1597415750265'>
                    <name>Нажать на крестик в корзине</name>
                    <title>Нажать на крестик в корзине</title>
                    <attachments/>
                    <steps/>
                </step>
            </steps>
            <attachments>
                <attachment title='Screenshot' source='19639b52-f3d7-4d12-b0ac-2b86dc19f416-attachment.png' type='image/png' size='151395'/>
            </attachments>
            <failure>
                <message>Cannot read property 'deleteFromCart' of undefined</message>
                <stack-trace>TypeError: Cannot read property 'deleteFromCart' of undefined
                    at Context.&lt;anonymous> (C:\Users\lutak\Desktop\beeintern\lect\5\hw\tests\/hw5_dmitrieva.js:134:18)
                    at Context.executeSync (C:\Users\lutak\Desktop\beeintern\lect\5\hw\node_modules\@wdio\sync\build\index.js:56:18)
                    at C:\Users\lutak\Desktop\beeintern\lect\5\hw\node_modules\@wdio\sync\build\index.js:82:70</stack-trace>
            </failure>
        </test-case>
        <test-case start='1597415750729' status='broken' stop='1597415751172'>
            <name>Нажатие на "Восстановить" возвращает товар</name>
            <title>Нажатие на "Восстановить" возвращает товар</title>
            <labels>
                <label name='language' value='javascript'/>
                <label name='framework' value='wdio'/>
                <label name='thread' value='0-0'/>
            </labels>
            <parameters>
                <parameter kind='argument' name='browser' value='chrome'/>
            </parameters>
            <steps>
                <step start='1597415750730' status='passed' stop='1597415750730'>
                    <name>Нажать на "Восстановить" в корзине</name>
                    <title>Нажать на "Восстановить" в корзине</title>
                    <attachments/>
                    <steps/>
                </step>
            </steps>
            <attachments>
                <attachment title='Screenshot' source='60d1634d-0ee8-4d97-bcbd-0776e1e9f8ea-attachment.png' type='image/png' size='151395'/>
            </attachments>
            <failure>
                <message>Cannot read property 'restoreToCart' of undefined</message>
                <stack-trace>TypeError: Cannot read property 'restoreToCart' of undefined
                    at Context.&lt;anonymous> (C:\Users\lutak\Desktop\beeintern\lect\5\hw\tests\/hw5_dmitrieva.js:141:18)
                    at Context.executeSync (C:\Users\lutak\Desktop\beeintern\lect\5\hw\node_modules\@wdio\sync\build\index.js:56:18)
                    at C:\Users\lutak\Desktop\beeintern\lect\5\hw\node_modules\@wdio\sync\build\index.js:82:70</stack-trace>
            </failure>
        </test-case>
    </test-cases>
</ns2:test-suite>